<?xml version="1.0" encoding="UTF-8"?>
<!-- Generated by org.testng.reporters.JUnitReportReporter -->
<testsuite hostname="LAPTOP-NR892T3L" name="org.testing.TestScripts.Facebook" tests="2" failures="0" timestamp="28 Nov 2021 07:14:00 GMT" time="40.179" errors="0">
  <testcase name="DataDriven" time="22.419" classname="org.testing.TestScripts.Facebook"/>
  <testcase name="DataDriven" time="17.760" classname="org.testing.TestScripts.Facebook"/>
</testsuite> <!-- org.testing.TestScripts.Facebook -->
