<?xml version="1.0" encoding="UTF-8"?>
<!-- Generated by org.testng.reporters.JUnitReportReporter -->
<testsuite hostname="LAPTOP-NR892T3L" name="org.testing.TestScripts.TC6" tests="1" failures="0" timestamp="24 Nov 2021 12:10:19 GMT" time="59.455" errors="0">
  <testcase name="CommentVideo" time="59.455" classname="org.testing.TestScripts.TC6"/>
</testsuite> <!-- org.testing.TestScripts.TC6 -->
