<?xml version="1.0" encoding="UTF-8"?>
<!-- Generated by org.testng.reporters.JUnitReportReporter -->
<testsuite hostname="LAPTOP-NR892T3L" name="org.testing.TestScripts.TC1" tests="1" failures="0" timestamp="11 Dec 2021 16:18:40 GMT" time="59.979" errors="0">
  <testcase name="TrendingClick" time="59.979" classname="org.testing.TestScripts.TC1"/>
</testsuite> <!-- org.testing.TestScripts.TC1 -->
