<?xml version="1.0" encoding="UTF-8"?>
<!-- Generated by org.testng.reporters.JUnitReportReporter -->
<testsuite hostname="LAPTOP-NR892T3L" name="org.testing.TestScripts.TC2" tests="1" failures="0" timestamp="5 Dec 2021 11:55:33 GMT" time="71.016" errors="0">
  <testcase name="History" time="71.016" classname="org.testing.TestScripts.TC2"/>
</testsuite> <!-- org.testing.TestScripts.TC2 -->
