<?xml version="1.0" encoding="UTF-8"?>
<!-- Generated by org.testng.reporters.JUnitReportReporter -->
<testsuite hostname="LAPTOP-NR892T3L" name="org.testing.TestScripts.TC4" tests="1" failures="0" timestamp="5 Dec 2021 11:55:33 GMT" time="76.418" errors="0">
  <testcase name="PlayLike" time="76.418" classname="org.testing.TestScripts.TC4"/>
</testsuite> <!-- org.testing.TestScripts.TC4 -->
