<?xml version="1.0" encoding="UTF-8"?>
<!-- Generated by org.testng.reporters.JUnitReportReporter -->
<testsuite hostname="LAPTOP-NR892T3L" name="org.testing.TestScripts.TC8" tests="1" failures="0" timestamp="11 Dec 2021 16:37:09 GMT" time="53.361" errors="0">
  <testcase name="History" time="53.361" classname="org.testing.TestScripts.TC8"/>
</testsuite> <!-- org.testing.TestScripts.TC8 -->
