<?xml version="1.0" encoding="UTF-8"?>
<!-- Generated by org.testng.reporters.JUnitReportReporter -->
<testsuite hostname="LAPTOP-NR892T3L" name="org.testing.TestScripts.TC8" tests="1" failures="0" timestamp="24 Nov 2021 12:10:20 GMT" time="51.699" errors="0">
  <testcase name="History" time="51.699" classname="org.testing.TestScripts.TC8"/>
</testsuite> <!-- org.testing.TestScripts.TC8 -->
