<?xml version="1.0" encoding="UTF-8"?>
<!-- Generated by org.testng.reporters.JUnitReportReporter -->
<testsuite hostname="LAPTOP-NR892T3L" name="org.testing.TestScripts.TC3" tests="1" failures="0" timestamp="24 Nov 2021 12:10:20 GMT" time="46.876" errors="0">
  <testcase name="Subscriptons" time="46.876" classname="org.testing.TestScripts.TC3"/>
</testsuite> <!-- org.testing.TestScripts.TC3 -->
