<?xml version="1.0" encoding="UTF-8"?>
<!-- Generated by org.testng.reporters.JUnitReportReporter -->
<testsuite hostname="LAPTOP-NR892T3L" name="org.testing.TestScripts.TC5" tests="1" failures="0" timestamp="24 Nov 2021 12:10:20 GMT" time="48.505" errors="0">
  <testcase name="ChannelSubscribe" time="48.505" classname="org.testing.TestScripts.TC5"/>
</testsuite> <!-- org.testing.TestScripts.TC5 -->
